<?xml version="1.0" encoding="UTF-8"?>
<testsuite xmlns:xsi="http://www.w3.org/2001/XMLSchema-instance" xsi:noNamespaceSchemaLocation="https://maven.apache.org/surefire/maven-surefire-plugin/xsd/surefire-test-report.xsd" version="3.0.2" name="com.phoebe.pbsub.repository.ClientRepositoryTest" time="2.884" tests="6" errors="0" skipped="0" failures="0">
  <properties>
[...]
</properties>
  <testcase name="save_ShouldPersistClient" classname="com.phoebe.pbsub.repository.ClientRepositoryTest" time="0.357">
    <system-out><![CDATA[19:48:38.403 [main] INFO org.springframework.test.context.support.AnnotationConfigContextLoaderUtils -- Could not detect default configuration classes for test class [com.phoebe.pbsub.repository.ClientRepositoryTest]: ClientRepositoryTest does not declare any static, non-private, non-final, nested classes annotated with @Configuration.
19:48:38.482 [main] INFO org.springframework.boot.test.context.SpringBootTestContextBootstrapper -- Found @SpringBootConfiguration com.phoebe.pbsub.PbSubApplication for test class com.phoebe.pbsub.repository.ClientRepositoryTest

  .   ____          _            __ _ _
 /\\ / ___'_ __ _ _(_)_ __  __ _ \ \ \ \
( ( )\___ | '_ | '_| | '_ \/ _` | \ \ \ \
 \\/  ___)| |_)| | | | | || (_| |  ) ) ) )
  '  |____| .__|_| |_|_| |_\__, | / / / /
 =========|_|==============|___/=/_/_/_/

 :: Spring Boot ::                (v3.5.4)

2025-09-12T19:48:38.788+02:00  INFO 21768 --- [           main] c.p.p.repository.ClientRepositoryTest    : Starting ClientRepositoryTest using Java 24.0.2 with PID 21768 (started by xuluohao in /Users/xuluohao/Documents/Coding/GCF_Final_Project_ReportingSystem)
2025-09-12T19:48:38.790+02:00  INFO 21768 --- [           main] c.p.p.repository.ClientRepositoryTest    : No active profile set, falling back to 1 default profile: "default"
2025-09-12T19:48:39.046+02:00  INFO 21768 --- [           main] .s.d.r.c.RepositoryConfigurationDelegate : Bootstrapping Spring Data JPA repositories in DEFAULT mode.
2025-09-12T19:48:39.079+02:00  INFO 21768 --- [           main] .s.d.r.c.RepositoryConfigurationDelegate : Finished Spring Data repository scanning in 26 ms. Found 2 JPA repository interfaces.
2025-09-12T19:48:39.122+02:00  INFO 21768 --- [           main] beddedDataSourceBeanFactoryPostProcessor : Replacing 'dataSource' DataSource bean with embedded version
2025-09-12T19:48:39.178+02:00  INFO 21768 --- [           main] o.s.j.d.e.EmbeddedDatabaseFactory        : Starting embedded database: url='jdbc:h2:mem:b9d63439-0587-4ce6-836c-11908d2d38ec;DB_CLOSE_DELAY=-1;DB_CLOSE_ON_EXIT=false', username='sa'
2025-09-12T19:48:39.344+02:00  INFO 21768 --- [           main] o.hibernate.jpa.internal.util.LogHelper  : HHH000204: Processing PersistenceUnitInfo [name: default]
2025-09-12T19:48:39.373+02:00  INFO 21768 --- [           main] org.hibernate.Version                    : HHH000412: Hibernate ORM core version 6.6.22.Final
2025-09-12T19:48:39.398+02:00  INFO 21768 --- [           main] o.h.c.internal.RegionFactoryInitiator    : HHH000026: Second-level cache disabled
2025-09-12T19:48:39.561+02:00  INFO 21768 --- [           main] o.s.o.j.p.SpringPersistenceUnitInfo      : No LoadTimeWeaver setup: ignoring JPA class transformer
2025-09-12T19:48:39.617+02:00  INFO 21768 --- [           main] org.hibernate.orm.connections.pooling    : HHH10001005: Database info:
	Database JDBC URL [Connecting through datasource 'org.springframework.jdbc.datasource.embedded.EmbeddedDatabaseFactory$EmbeddedDataSourceProxy@58601e7a']
	Database driver: undefined/unknown
	Database version: 2.3.232
	Autocommit mode: undefined/unknown
	Isolation level: undefined/unknown
	Minimum pool size: undefined/unknown
	Maximum pool size: undefined/unknown
2025-09-12T19:48:40.100+02:00  INFO 21768 --- [           main] o.h.e.t.j.p.i.JtaPlatformInitiator       : HHH000489: No JTA platform available (set 'hibernate.transaction.jta.platform' to enable JTA platform integration)
Hibernate: 
    create table clients (
        id bigint generated by default as identity,
        email varchar(255),
        name varchar(255) not null,
        primary key (id)
    )
Hibernate: 
    create table report_subscriptions (
        id bigint generated by default as identity,
        delivery_method enum ('EMAIL','FTP','UI') not null,
        format enum ('CSV','PDF') not null,
        frequency enum ('DAILY','MONTHLY','WEEKLY') not null,
        report_type enum ('DAILY_PNL','MARGIN_CALL','OPTIONS_EXPIRY','STATEMENT','TRADE_CONFIRM') not null,
        client_id bigint not null,
        primary key (id)
    )
Hibernate: 
    alter table if exists report_subscriptions 
       add constraint FK5pbnrxedwuqpwe2vxskccpch 
       foreign key (client_id) 
       references clients
2025-09-12T19:48:40.131+02:00  INFO 21768 --- [           main] j.LocalContainerEntityManagerFactoryBean : Initialized JPA EntityManagerFactory for persistence unit 'default'
2025-09-12T19:48:40.355+02:00  INFO 21768 --- [           main] o.s.d.j.r.query.QueryEnhancerFactory     : Hibernate is in classpath; If applicable, HQL parser will be used.
2025-09-12T19:48:40.719+02:00  INFO 21768 --- [           main] c.p.p.repository.ClientRepositoryTest    : Started ClientRepositoryTest in 2.204 seconds (process running for 2.719)
Hibernate: 
    insert 
    into
        clients
        (email, name, id) 
    values
        (?, ?, default)
]]></system-out>
    <system-err><![CDATA[Mockito is currently self-attaching to enable the inline-mock-maker. This will no longer work in future releases of the JDK. Please add Mockito as an agent to your build as described in Mockito's documentation: https://javadoc.io/doc/org.mockito/mockito-core/latest/org.mockito/org/mockito/Mockito.html#0.3
WARNING: A Java agent has been loaded dynamically (/Users/xuluohao/.m2/repository/net/bytebuddy/byte-buddy-agent/1.17.6/byte-buddy-agent-1.17.6.jar)
WARNING: If a serviceability tool is in use, please run with -XX:+EnableDynamicAgentLoading to hide this warning
WARNING: If a serviceability tool is not in use, please run with -Djdk.instrument.traceUsage for more information
WARNING: Dynamic loading of agents will be disallowed by default in a future release
]]></system-err>
  </testcase>
  <testcase name="findByIdWithSubscriptions_WhenClientExists_ShouldReturnClientWithSubscriptions" classname="com.phoebe.pbsub.repository.ClientRepositoryTest" time="0.052">
    <system-out><![CDATA[Hibernate: 
    insert 
    into
        clients
        (email, name, id) 
    values
        (?, ?, default)
Hibernate: 
    select
        c1_0.id,
        c1_0.email,
        c1_0.name,
        s1_0.client_id,
        s1_0.id,
        s1_0.delivery_method,
        s1_0.format,
        s1_0.frequency,
        s1_0.report_type 
    from
        clients c1_0 
    left join
        report_subscriptions s1_0 
            on c1_0.id=s1_0.client_id 
    where
        c1_0.id=?
]]></system-out>
  </testcase>
  <testcase name="findByIdWithSubscriptions_WhenClientNotExists_ShouldReturnEmpty" classname="com.phoebe.pbsub.repository.ClientRepositoryTest" time="0.006">
    <system-out><![CDATA[Hibernate: 
    select
        c1_0.id,
        c1_0.email,
        c1_0.name,
        s1_0.client_id,
        s1_0.id,
        s1_0.delivery_method,
        s1_0.format,
        s1_0.frequency,
        s1_0.report_type 
    from
        clients c1_0 
    left join
        report_subscriptions s1_0 
            on c1_0.id=s1_0.client_id 
    where
        c1_0.id=?
]]></system-out>
  </testcase>
  <testcase name="findByNameContainingIgnoreCase_ShouldReturnMatchingClients" classname="com.phoebe.pbsub.repository.ClientRepositoryTest" time="0.02">
    <system-out><![CDATA[Hibernate: 
    insert 
    into
        clients
        (email, name, id) 
    values
        (?, ?, default)
Hibernate: 
    insert 
    into
        clients
        (email, name, id) 
    values
        (?, ?, default)
Hibernate: 
    insert 
    into
        clients
        (email, name, id) 
    values
        (?, ?, default)
Hibernate: 
    select
        c1_0.id,
        c1_0.email,
        c1_0.name 
    from
        clients c1_0 
    where
        upper(c1_0.name) like upper(?) escape '\'
]]></system-out>
  </testcase>
  <testcase name="delete_ShouldRemoveClient" classname="com.phoebe.pbsub.repository.ClientRepositoryTest" time="0.016">
    <system-out><![CDATA[Hibernate: 
    insert 
    into
        clients
        (email, name, id) 
    values
        (?, ?, default)
Hibernate: 
    delete 
    from
        clients 
    where
        id=?
Hibernate: 
    select
        c1_0.id,
        c1_0.email,
        c1_0.name 
    from
        clients c1_0 
    where
        c1_0.id=?
]]></system-out>
  </testcase>
  <testcase name="count_ShouldReturnCorrectCount" classname="com.phoebe.pbsub.repository.ClientRepositoryTest" time="0.024">
    <system-out><![CDATA[Hibernate: 
    insert 
    into
        clients
        (email, name, id) 
    values
        (?, ?, default)
Hibernate: 
    insert 
    into
        clients
        (email, name, id) 
    values
        (?, ?, default)
Hibernate: 
    select
        count(*) 
    from
        clients c1_0
]]></system-out>
  </testcase>
</testsuite>